Using pre-set license
Built from '2021.3/staging' branch; Version is '2021.3.10f1 (1c7d0df0160b) revision 1867021'; Using compiler version '192829333'; Build Type 'Release'
OS: 'Windows 10  (10.0.19043) 64bit CoreSingleLanguage' Language: 'es' Physical Memory: 20322 MB
BatchMode: 1, IsHumanControllingUs: 0, StartBugReporterOnCrash: 0, Is64bit: 1, IsPro: 1

COMMAND LINE ARGUMENTS:
C:\Program Files\Unity\Hub\Editor\2021.3.10f1\Editor\Unity.exe
-adb2
-batchMode
-noUpm
-name
AssetImportWorker0
-projectPath
C:/Users/bonil/OneDrive/Documentos/GitHub/TecnicasyAlgoritmos3D
-logFile
Logs/AssetImportWorker0.log
-srvPort
52384
Successfully changed project path to: C:/Users/bonil/OneDrive/Documentos/GitHub/TecnicasyAlgoritmos3D
C:/Users/bonil/OneDrive/Documentos/GitHub/TecnicasyAlgoritmos3D
[UnityMemory] Configuration Parameters - Can be set up in boot.config
    "memorysetup-bucket-allocator-granularity=16"
    "memorysetup-bucket-allocator-bucket-count=8"
    "memorysetup-bucket-allocator-block-size=33554432"
    "memorysetup-bucket-allocator-block-count=8"
    "memorysetup-main-allocator-block-size=16777216"
    "memorysetup-thread-allocator-block-size=16777216"
    "memorysetup-gfx-main-allocator-block-size=16777216"
    "memorysetup-gfx-thread-allocator-block-size=16777216"
    "memorysetup-cache-allocator-block-size=4194304"
    "memorysetup-typetree-allocator-block-size=2097152"
    "memorysetup-profiler-bucket-allocator-granularity=16"
    "memorysetup-profiler-bucket-allocator-bucket-count=8"
    "memorysetup-profiler-bucket-allocator-block-size=33554432"
    "memorysetup-profiler-bucket-allocator-block-count=8"
    "memorysetup-profiler-allocator-block-size=16777216"
    "memorysetup-profiler-editor-allocator-block-size=1048576"
    "memorysetup-temp-allocator-size-main=16777216"
    "memorysetup-job-temp-allocator-block-size=2097152"
    "memorysetup-job-temp-allocator-block-size-background=1048576"
    "memorysetup-job-temp-allocator-reduction-small-platforms=262144"
    "memorysetup-temp-allocator-size-background-worker=32768"
    "memorysetup-temp-allocator-size-job-worker=262144"
    "memorysetup-temp-allocator-size-preload-manager=33554432"
    "memorysetup-temp-allocator-size-nav-mesh-worker=65536"
    "memorysetup-temp-allocator-size-audio-worker=65536"
    "memorysetup-temp-allocator-size-cloud-worker=32768"
    "memorysetup-temp-allocator-size-gi-baking-worker=262144"
    "memorysetup-temp-allocator-size-gfx=262144"
Refreshing native plugins compatible for Editor in 97.32 ms, found 3 plugins.
Preloading 0 native plugins for Editor in 0.00 ms.
Initialize engine version: 2021.3.10f1 (1c7d0df0160b)
[Subsystems] Discovering subsystems at path C:/Program Files/Unity/Hub/Editor/2021.3.10f1/Editor/Data/Resources/UnitySubsystems
[Subsystems] Discovering subsystems at path C:/Users/bonil/OneDrive/Documentos/GitHub/TecnicasyAlgoritmos3D/Assets
GfxDevice: creating device client; threaded=0; jobified=0
Direct3D:
    Version:  Direct3D 11.0 [level 11.1]
    Renderer: NVIDIA GeForce GTX 1050 (ID=0x1c8d)
    Vendor:   NVIDIA
    VRAM:     4019 MB
    Driver:   30.0.14.7196
Initialize mono
Mono path[0] = 'C:/Program Files/Unity/Hub/Editor/2021.3.10f1/Editor/Data/Managed'
Mono path[1] = 'C:/Program Files/Unity/Hub/Editor/2021.3.10f1/Editor/Data/MonoBleedingEdge/lib/mono/unityjit-win32'
Mono config path = 'C:/Program Files/Unity/Hub/Editor/2021.3.10f1/Editor/Data/MonoBleedingEdge/etc'
Using monoOptions --debugger-agent=transport=dt_socket,embedding=1,server=y,suspend=n,address=127.0.0.1:56332
Begin MonoManager ReloadAssembly
Registering precompiled unity dll's ...
Register platform support module: C:/Program Files/Unity/Hub/Editor/2021.3.10f1/Editor/Data/PlaybackEngines/WebGLSupport/UnityEditor.WebGL.Extensions.dll
Register platform support module: C:/Program Files/Unity/Hub/Editor/2021.3.10f1/Editor/Data/PlaybackEngines/WindowsStandaloneSupport/UnityEditor.WindowsStandalone.Extensions.dll
Registered in 0.010830 seconds.
Native extension for WindowsStandalone target not found
Native extension for WebGL target not found
Refreshing native plugins compatible for Editor in 85.14 ms, found 3 plugins.
Preloading 0 native plugins for Editor in 0.00 ms.
Mono: successfully reloaded assembly
- Completed reload, in  0.743 seconds
Domain Reload Profiling:
	ReloadAssembly (744ms)
		BeginReloadAssembly (85ms)
			ExecutionOrderSort (0ms)
			DisableScriptedObjects (0ms)
			BackupInstance (0ms)
			ReleaseScriptingObjects (0ms)
			CreateAndSetChildDomain (1ms)
		EndReloadAssembly (524ms)
			LoadAssemblies (83ms)
			RebuildTransferFunctionScriptingTraits (0ms)
			SetupTypeCache (111ms)
			ReleaseScriptCaches (0ms)
			RebuildScriptCaches (48ms)
			SetupLoadedEditorAssemblies (294ms)
				LogAssemblyErrors (0ms)
				InitializePlatformSupportModulesInManaged (13ms)
				SetLoadedEditorAssemblies (0ms)
				RefreshPlugins (85ms)
				BeforeProcessingInitializeOnLoad (1ms)
				ProcessInitializeOnLoadAttributes (147ms)
				ProcessInitializeOnLoadMethodAttributes (47ms)
				AfterProcessingInitializeOnLoad (0ms)
				EditorAssembliesLoaded (0ms)
			ExecutionOrderSort2 (0ms)
			AwakeInstancesAfterBackupRestoration (0ms)
Platform modules already initialized, skipping
Registering precompiled user dll's ...
Registered in 0.007625 seconds.
Begin MonoManager ReloadAssembly
Symbol file LoadedFromMemory doesn't match image C:\Users\bonil\OneDrive\Documentos\GitHub\TecnicasyAlgoritmos3D\Library\PackageCache\com.unity.visualscripting@1.7.8\Editor\VisualScripting.Core\Dependencies\YamlDotNet\Unity.VisualScripting.YamlDotNet.dll
Symbol file LoadedFromMemory doesn't match image C:\Users\bonil\OneDrive\Documentos\GitHub\TecnicasyAlgoritmos3D\Library\PackageCache\com.unity.visualscripting@1.7.8\Editor\VisualScripting.Core\Dependencies\DotNetZip\Unity.VisualScripting.IonicZip.dll
Native extension for WindowsStandalone target not found
Native extension for WebGL target not found
Refreshing native plugins compatible for Editor in 0.52 ms, found 3 plugins.
Preloading 0 native plugins for Editor in 0.00 ms.
Mono: successfully reloaded assembly
- Completed reload, in  1.133 seconds
Domain Reload Profiling:
	ReloadAssembly (1133ms)
		BeginReloadAssembly (116ms)
			ExecutionOrderSort (0ms)
			DisableScriptedObjects (6ms)
			BackupInstance (0ms)
			ReleaseScriptingObjects (0ms)
			CreateAndSetChildDomain (19ms)
		EndReloadAssembly (893ms)
			LoadAssemblies (95ms)
			RebuildTransferFunctionScriptingTraits (0ms)
			SetupTypeCache (282ms)
			ReleaseScriptCaches (1ms)
			RebuildScriptCaches (54ms)
			SetupLoadedEditorAssemblies (426ms)
				LogAssemblyErrors (0ms)
				InitializePlatformSupportModulesInManaged (8ms)
				SetLoadedEditorAssemblies (0ms)
				RefreshPlugins (1ms)
				BeforeProcessingInitializeOnLoad (114ms)
				ProcessInitializeOnLoadAttributes (260ms)
				ProcessInitializeOnLoadMethodAttributes (33ms)
				AfterProcessingInitializeOnLoad (11ms)
				EditorAssembliesLoaded (0ms)
			ExecutionOrderSort2 (0ms)
			AwakeInstancesAfterBackupRestoration (6ms)
Platform modules already initialized, skipping
========================================================================
Worker process is ready to serve import requests
Launched and connected shader compiler UnityShaderCompiler.exe after 0.05 seconds
Refreshing native plugins compatible for Editor in 0.94 ms, found 3 plugins.
Preloading 0 native plugins for Editor in 0.00 ms.
Unloading 3393 Unused Serialized files (Serialized files now loaded: 0)
Unloading 27 unused Assets / (113.5 KB). Loaded Objects now: 3851.
Memory consumption went from 118.5 MB to 118.4 MB.
Total: 4.685100 ms (FindLiveObjects: 0.363900 ms CreateObjectMapping: 0.269500 ms MarkObjects: 3.889800 ms  DeleteObjects: 0.160200 ms)

AssetImportParameters requested are different than current active one (requested -> active):
  custom:video-decoder-ogg-theora: a1e56fd34408186e4bbccfd4996cb3dc -> 
  custom:container-muxer-webm: aa71ff27fc2769a1b78a27578f13a17b -> 
  custom:container-demuxer-webm: 4f35f7cbe854078d1ac9338744f61a02 -> 
  custom:video-encoder-webm-vp8: eb34c28f22e8b96e1ab97ce403110664 -> 
  custom:audio-encoder-webm-vorbis: bf7c407c2cedff20999df2af8eb42d56 -> 
  custom:framework-win-MediaFoundation: 216162199b28c13a410421893ffa2e32 -> 
  custom:container-demuxer-ogg: 62fdf1f143b41e24485cea50d1cbac27 -> 
  custom:video-decoder-webm-vp8: 9c59270c3fd7afecdb556c50c9e8de78 -> 
  custom:audio-decoder-ogg-vorbis: bf7c407c2cedff20999df2af8eb42d56 -> 
========================================================================
Received Import Request.
  Time since last request: 281689.053477 seconds.
  path: Assets
  artifactKey: Guid(00000000000000001000000000000000) Importer(815301076,1909f56bfc062723c751e8b465ee728b)
Start importing Assets using Guid(00000000000000001000000000000000) Importer(815301076,1909f56bfc062723c751e8b465ee728b)  -> (artifact id: '79842766b460edbeab6a34051e857a80') in 0.012811 seconds 
========================================================================
Received Import Request.
  Time since last request: 2.424368 seconds.
  path: Assets/Images
  artifactKey: Guid(39227d67d6b2d974da80d2be3a713b28) Importer(815301076,1909f56bfc062723c751e8b465ee728b)
Start importing Assets/Images using Guid(39227d67d6b2d974da80d2be3a713b28) Importer(815301076,1909f56bfc062723c751e8b465ee728b)  -> (artifact id: '477a27b15349281b50e63e2647cb5035') in 0.006772 seconds 
========================================================================
Received Import Request.
  Time since last request: 50.845395 seconds.
  path: Assets/Images/Ucening.png
  artifactKey: Guid(c67db0df6f29bdd4196fdd8b569b2ddd) Importer(815301076,1909f56bfc062723c751e8b465ee728b)
Start importing Assets/Images/Ucening.png using Guid(c67db0df6f29bdd4196fdd8b569b2ddd) Importer(815301076,1909f56bfc062723c751e8b465ee728b)  -> (artifact id: '5505bdbbd605b4686b03135312582295') in 0.153998 seconds 
========================================================================
Received Import Request.
  Time since last request: 7.340541 seconds.
  path: Assets/Images/Ucenin.png
  artifactKey: Guid(c67db0df6f29bdd4196fdd8b569b2ddd) Importer(815301076,1909f56bfc062723c751e8b465ee728b)
Start importing Assets/Images/Ucenin.png using Guid(c67db0df6f29bdd4196fdd8b569b2ddd) Importer(815301076,1909f56bfc062723c751e8b465ee728b)  -> (artifact id: '899e1203df32af128ed159eaf02b283c') in 0.017726 seconds 
========================================================================
Received Import Request.
  Time since last request: 96.981873 seconds.
  path: Assets/Images/fondoPrincipal.jpg
  artifactKey: Guid(9c4202f216fbdbb45a99324169917480) Importer(815301076,1909f56bfc062723c751e8b465ee728b)
Start importing Assets/Images/fondoPrincipal.jpg using Guid(9c4202f216fbdbb45a99324169917480) Importer(815301076,1909f56bfc062723c751e8b465ee728b)  -> (artifact id: '605f1af1d405d43e31fef2fd18cd2f4d') in 0.032622 seconds 
========================================================================
Received Import Request.
  Time since last request: 19.085286 seconds.
  path: Assets/Sprites
  artifactKey: Guid(39227d67d6b2d974da80d2be3a713b28) Importer(815301076,1909f56bfc062723c751e8b465ee728b)
Start importing Assets/Sprites using Guid(39227d67d6b2d974da80d2be3a713b28) Importer(815301076,1909f56bfc062723c751e8b465ee728b)  -> (artifact id: 'a5697757ee66aa2a413cbd66d051f39b') in 0.011355 seconds 
========================================================================
Received Import Request.
  Time since last request: 26.137097 seconds.
  path: Assets/Sprites/fondoPrincipal.jpg
  artifactKey: Guid(9c4202f216fbdbb45a99324169917480) Importer(815301076,1909f56bfc062723c751e8b465ee728b)
Start importing Assets/Sprites/fondoPrincipal.jpg using Guid(9c4202f216fbdbb45a99324169917480) Importer(815301076,1909f56bfc062723c751e8b465ee728b)  -> (artifact id: 'cc054f84163027b9866db095ae84b926') in 0.044921 seconds 
========================================================================
Received Import Request.
  Time since last request: 16.027744 seconds.
  path: Assets/Sprites/fondoPrincipal.jpg
  artifactKey: Guid(9c4202f216fbdbb45a99324169917480) Importer(815301076,1909f56bfc062723c751e8b465ee728b)
Start importing Assets/Sprites/fondoPrincipal.jpg using Guid(9c4202f216fbdbb45a99324169917480) Importer(815301076,1909f56bfc062723c751e8b465ee728b)  -> (artifact id: 'c8f88a3bd6378baac53fea234389ddf5') in 0.347753 seconds 
========================================================================
Received Import Request.
  Time since last request: 124.440382 seconds.
  path: Assets/Sprites/Ucenin.jpg
  artifactKey: Guid(bc47d37255ebcbe448f46c36c2c43f41) Importer(815301076,1909f56bfc062723c751e8b465ee728b)
Start importing Assets/Sprites/Ucenin.jpg using Guid(bc47d37255ebcbe448f46c36c2c43f41) Importer(815301076,1909f56bfc062723c751e8b465ee728b)  -> (artifact id: '93765ac87b038440c74785a0e6dc21e9') in 0.031784 seconds 
